<?xml version="1.0" encoding="UTF-8"?>
<testsuite xmlns:xsi="http://www.w3.org/2001/XMLSchema-instance" xsi:noNamespaceSchemaLocation="https://maven.apache.org/surefire/maven-surefire-plugin/xsd/surefire-test-report-3.0.xsd" version="3.0" name="com.company.MainTest" time="0.045" tests="2" errors="0" skipped="0" failures="0">
  <properties>
[...]
</properties>
  <testcase name="printFieldsNamesTest" classname="com.company.MainTest" time="0.028">
    <system-out><![CDATA[intData as int
byteData as byte
objectData as java.lang.Object
stringData as java.lang.String
]]></system-out>
  </testcase>
  <testcase name="printFieldsNamesTest2" classname="com.company.MainTest" time="0.002">
    <system-out><![CDATA[listString as java.util.List
mapStringSimpleData as java.util.Map
stringArray as java.lang.String[]
]]></system-out>
  </testcase>
</testsuite>